
                         MODELLER 10.5, 2024/01/19, r12711

     PROTEIN STRUCTURE MODELLING BY SATISFACTION OF SPATIAL RESTRAINTS


                     Copyright(c) 1989-2024 Andrej Sali
                            All Rights Reserved

                             Written by A. Sali
                               with help from
              B. Webb, M.S. Madhusudhan, M-Y. Shen, G.Q. Dong,
          M.A. Marti-Renom, N. Eswar, F. Alber, M. Topf, B. Oliva,
             A. Fiser, R. Sanchez, B. Yerkovich, A. Badretdinov,
                     F. Melo, J.P. Overington, E. Feyfant
                 University of California, San Francisco, USA
                    Rockefeller University, New York, USA
                      Harvard University, Cambridge, USA
                   Imperial Cancer Research Fund, London, UK
              Birkbeck College, University of London, London, UK


Kind, OS, HostName, Kernel, Processor: 4, Linux thevigilante-83NY 6.17.0-23-generic x86_64
Date and time of compilation         : 2024/01/20 00:40:16
MODELLER executable type             : x86_64-intel8
Job starting time (YY/MM/DD HH:MM:SS): 2026/05/31 13:12:10


check_ali___> Checking the sequence-structure alignment. 

Implied intrachain target CA(i)-CA(i+1) distances longer than  8.0 angstroms:

ALN_POS  TMPL  RID1  RID2  NAM1  NAM2     DIST
----------------------------------------------
END OF TABLE
read_to_681_> topology.submodel read from topology file:        3
mdtrsr__446W> A potential that relies on one protein is used, yet you have at
              least one known structure available. MDT, not library, potential is used.
0 atoms in HETATM/BLK residues constrained
to protein atoms within 2.30 angstroms
and protein CA atoms within 10.00 angstroms
0 atoms in residues without defined topology
constrained to be rigid bodies
condens_443_> Restraints marked for deletion were removed.
              Total number of restraints before, now:    29711    27559
iupac_m_397W> Atoms were not swapped because of the uncertainty of how to handle the H atom.
iupac_m_397W> Atoms were not swapped because of the uncertainty of how to handle the H atom.
iupac_m_397W> Atoms were not swapped because of the uncertainty of how to handle the H atom.
iupac_m_397W> Atoms were not swapped because of the uncertainty of how to handle the H atom.
iupac_m_397W> Atoms were not swapped because of the uncertainty of how to handle the H atom.
>> Model assessment by DOPE potential
iatmcls_286W> MODEL atom not classified:  LEU:OXT  LEU


>> ENERGY; Differences between the model's features and restraints:
Number of all residues in MODEL                   :      311
Number of all, selected real atoms                :     2416    2416
Number of all, selected pseudo atoms              :        0       0
Number of all static, selected restraints         :    27559   27559
COVALENT_CYS                                      :        F
NONBONDED_SEL_ATOMS                               :        1
Number of non-bonded pairs (excluding 1-2,1-3,1-4):   365117
Dynamic pairs routine                             : 1, NATM x NATM double loop
Atomic shift for contacts update (UPDATE_DYNAMIC) :    0.390
LENNARD_JONES_SWITCH                              :    6.500   7.500
COULOMB_JONES_SWITCH                              :    6.500   7.500
RESIDUE_SPAN_RANGE                                :        1    9999
NLOGN_USE                                         :       15
CONTACT_SHELL                                     :   15.000
DYNAMIC_PAIRS,_SPHERE,_COULOMB,_LENNARD,_MODELLER :        T       F       F       F       T
SPHERE_STDV                                       :    0.050
RADII_FACTOR                                      :    0.820
Current energy                                    :      -31928.5527




<< end of ENERGY.
DOPE score               : -31928.552734
>> Model assessment by GA341 potential

Surface library          : /usr/lib/modeller10.5/modlib/surf5.de
Pair library             : /usr/lib/modeller10.5/modlib/pair9.de
Chain identifier         : _
% sequence identity      :    89.389000
Sequence length          :          311
Compactness              :     0.140387
Native energy (pair)     :  -124.877858
Native energy (surface)  :    17.421885
Native energy (combined) :     1.023974
Z score (pair)           :    -5.579515
Z score (surface)        :    -1.547482
Z score (combined)       :    -5.040731
GA341 score              :     1.000000



>> ENERGY; Differences between the model's features and restraints:
Number of all residues in MODEL                   :      311
Number of all, selected real atoms                :     2416    2416
Number of all, selected pseudo atoms              :        0       0
Number of all static, selected restraints         :    27559   27559
COVALENT_CYS                                      :        F
NONBONDED_SEL_ATOMS                               :        1
Number of non-bonded pairs (excluding 1-2,1-3,1-4):     5314
Dynamic pairs routine                             : 2, NATM x NATM cell sorting
Atomic shift for contacts update (UPDATE_DYNAMIC) :    0.390
LENNARD_JONES_SWITCH                              :    6.500   7.500
COULOMB_JONES_SWITCH                              :    6.500   7.500
RESIDUE_SPAN_RANGE                                :        0   99999
NLOGN_USE                                         :       15
CONTACT_SHELL                                     :    4.000
DYNAMIC_PAIRS,_SPHERE,_COULOMB,_LENNARD,_MODELLER :        T       T       F       F       F
SPHERE_STDV                                       :    0.050
RADII_FACTOR                                      :    0.820
Current energy                                    :        1759.8088





Summary of the restraint violations: 

   NUM     ... number of restraints.
   NUMVI   ... number of restraints with RVIOL > VIOL_REPORT_CUT[i].
   RVIOL   ... relative difference from the best value.
   NUMVP   ... number of restraints with -Ln(pdf) > VIOL_REPORT_CUT2[i].
   RMS_1   ... RMS(feature, minimally_violated_basis_restraint, NUMB).
   RMS_2   ... RMS(feature, best_value, NUMB).
   MOL.PDF ... scaled contribution to -Ln(Molecular pdf).

 #                     RESTRAINT_GROUP      NUM   NUMVI  NUMVP   RMS_1   RMS_2         MOL.PDF     S_i
------------------------------------------------------------------------------------------------------
 1 Bond length potential              :    2491       0      1   0.006   0.006      23.007       1.000
 2 Bond angle potential               :    3397       0     13   2.092   2.092      293.83       1.000
 3 Stereochemical cosine torsion poten:    1749       0     30  42.569  42.569      471.62       1.000
 4 Stereochemical improper torsion pot:    1115       0      1   1.283   1.283      46.673       1.000
 5 Soft-sphere overlap restraints     :    5314       0      2   0.005   0.005      14.113       1.000
 6 Lennard-Jones 6-12 potential       :       0       0      0   0.000   0.000      0.0000       1.000
 7 Coulomb point-point electrostatic p:       0       0      0   0.000   0.000      0.0000       1.000
 8 H-bonding potential                :       0       0      0   0.000   0.000      0.0000       1.000
 9 Distance restraints 1 (CA-CA)      :    5176       0     11   0.155   0.155      148.25       1.000
10 Distance restraints 2 (N-O)        :    5811       2     11   0.203   0.203      266.75       1.000
11 Mainchain Phi dihedral restraints  :       0       0      0   0.000   0.000      0.0000       1.000
12 Mainchain Psi dihedral restraints  :       0       0      0   0.000   0.000      0.0000       1.000
13 Mainchain Omega dihedral restraints:     310       1      4   4.962   4.962      89.994       1.000
14 Sidechain Chi_1 dihedral restraints:     249       0      2  57.023  57.023      25.995       1.000
15 Sidechain Chi_2 dihedral restraints:     191       0      1  65.725  65.725      54.881       1.000
16 Sidechain Chi_3 dihedral restraints:      58       0      0  69.595  69.595      37.010       1.000
17 Sidechain Chi_4 dihedral restraints:      11       0      0 120.424 120.424      7.7371       1.000
18 Disulfide distance restraints      :       0       0      0   0.000   0.000      0.0000       1.000
19 Disulfide angle restraints         :       0       0      0   0.000   0.000      0.0000       1.000
20 Disulfide dihedral angle restraints:       0       0      0   0.000   0.000      0.0000       1.000
21 Lower bound distance restraints    :       0       0      0   0.000   0.000      0.0000       1.000
22 Upper bound distance restraints    :       0       0      0   0.000   0.000      0.0000       1.000
23 Distance restraints 3 (SDCH-MNCH)  :    4684       0      0   0.414   0.414      146.60       1.000
24 Sidechain Chi_5 dihedral restraints:       0       0      0   0.000   0.000      0.0000       1.000
25 Phi/Psi pair of dihedral restraints:     309       6     29  18.874  27.594     -30.952       1.000
26 Distance restraints 4 (SDCH-SDCH)  :    2008       0      2   0.767   0.767      164.29       1.000
27 Distance restraints 5 (X-Y)        :       0       0      0   0.000   0.000      0.0000       1.000
28 NMR distance restraints 6 (X-Y)    :       0       0      0   0.000   0.000      0.0000       1.000
29 NMR distance restraints 7 (X-Y)    :       0       0      0   0.000   0.000      0.0000       1.000
30 Minimal distance restraints        :       0       0      0   0.000   0.000      0.0000       1.000
31 Non-bonded restraints              :       0       0      0   0.000   0.000      0.0000       1.000
32 Atomic accessibility restraints    :       0       0      0   0.000   0.000      0.0000       1.000
33 Atomic density restraints          :       0       0      0   0.000   0.000      0.0000       1.000
34 Absolute position restraints       :       0       0      0   0.000   0.000      0.0000       1.000
35 Dihedral angle difference restraint:       0       0      0   0.000   0.000      0.0000       1.000
36 GBSA implicit solvent potential    :       0       0      0   0.000   0.000      0.0000       1.000
37 EM density fitting potential       :       0       0      0   0.000   0.000      0.0000       1.000
38 SAXS restraints                    :       0       0      0   0.000   0.000      0.0000       1.000
39 Symmetry restraints                :       0       0      0   0.000   0.000      0.0000       1.000



# Heavy relative violation of each residue is written to: ABV45437.V99990001
# The profile is NOT normalized by the number of restraints.
# The profiles are smoothed over a window of residues:    1
# The sum of all numbers in the file:   26377.5371



List of the violated restraints:
   A restraint is violated when the relative difference
   from the best value (RVIOL) is larger than CUTOFF.

   ICSR   ... index of a restraint in the current set.
   RESNO  ... residue numbers of the first two atoms.
   ATM    ... IUPAC atom names of the first two atoms.
   FEAT   ... the value of the feature in the model.
   restr  ... the mean of the basis restraint with the smallest
              difference from the model (local minimum).
   viol   ... difference from the local minimum.
   rviol  ... relative difference from the local minimum.
   RESTR  ... the best value (global minimum).
   VIOL   ... difference from the best value.
   RVIOL  ... relative difference from the best value.


-------------------------------------------------------------------------------------------------

Feature 10                           : Distance restraints 2 (N-O)             
List of the RVIOL violations larger than   :       4.5000

    #   ICSR  RESNO1/2 ATM1/2   INDATM1/2    FEAT   restr    viol   rviol   RESTR    VIOL   RVIOL
    1  18864 180L 177G N   O    1363 1352    5.11    2.86    2.25    4.74    2.86    2.25    4.74
    2  18878 181F 177G N   O    1371 1352    5.40    2.62    2.79    6.07    2.62    2.79    6.07

-------------------------------------------------------------------------------------------------

Feature 25                           : Phi/Psi pair of dihedral restraints     
List of the RVIOL violations larger than   :       6.5000

    #   ICSR  RESNO1/2 ATM1/2   INDATM1/2    FEAT   restr    viol   rviol   RESTR    VIOL   RVIOL
    1   8862 110R 111P C   N     851  853  -85.39  -58.70   48.31    2.90  -64.50  139.01   11.50
    1        111P 111P N   CA    853  854    9.77  -30.50                  147.20
    2   8863 111P 112W C   N     858  860 -103.43  -63.00   64.04    7.34   58.80  164.55   16.14
    2        112W 112W N   CA    860  861    5.46  -44.20                   33.00
    3   8880 128F 129L C   N     979  981 -100.74  -63.50   37.87    6.80  -63.50   37.87    6.80
    3        129L 129L N   CA    981  982  -48.06  -41.20                  -41.20
    4   8928 176F 177G C   N    1347 1349  119.59   82.20   37.53    2.39  -62.40 -176.06   30.66
    4        177G 177G N   CA   1349 1350    5.13    8.50                  -41.20
    5   8929 177G 178G C   N    1351 1353   56.90   82.20   35.15    1.12  -62.40  140.45   26.54
    5        178G 178G N   CA   1353 1354   32.91    8.50                  -41.20
    6   8951 199E 200N C   N    1512 1514 -111.76 -119.90   68.08    2.90  -63.20  120.70   13.11
    6        200N 200N N   CA   1514 1515   69.40  137.00                  -41.10


report______> Distribution of short non-bonded contacts:


DISTANCE1:  0.00 2.10 2.20 2.30 2.40 2.50 2.60 2.70 2.80 2.90 3.00 3.10 3.20 3.30 3.40
DISTANCE2:  2.10 2.20 2.30 2.40 2.50 2.60 2.70 2.80 2.90 3.00 3.10 3.20 3.30 3.40 3.50
FREQUENCY:     0    0    0    0    0   10   46  128  184  234  224  295  402  381  424


<< end of ENERGY.
iupac_m_397W> Atoms were not swapped because of the uncertainty of how to handle the H atom.
iupac_m_397W> Atoms were not swapped because of the uncertainty of how to handle the H atom.
iupac_m_397W> Atoms were not swapped because of the uncertainty of how to handle the H atom.
iupac_m_397W> Atoms were not swapped because of the uncertainty of how to handle the H atom.
iupac_m_397W> Atoms were not swapped because of the uncertainty of how to handle the H atom.
iupac_m_397W> Atoms were not swapped because of the uncertainty of how to handle the H atom.
iupac_m_397W> Atoms were not swapped because of the uncertainty of how to handle the H atom.
iupac_m_397W> Atoms were not swapped because of the uncertainty of how to handle the H atom.
>> Model assessment by DOPE potential
iatmcls_286W> MODEL atom not classified:  LEU:OXT  LEU


>> ENERGY; Differences between the model's features and restraints:
Number of all residues in MODEL                   :      311
Number of all, selected real atoms                :     2416    2416
Number of all, selected pseudo atoms              :        0       0
Number of all static, selected restraints         :    27559   27559
COVALENT_CYS                                      :        F
NONBONDED_SEL_ATOMS                               :        1
Number of non-bonded pairs (excluding 1-2,1-3,1-4):   365414
Dynamic pairs routine                             : 1, NATM x NATM double loop
Atomic shift for contacts update (UPDATE_DYNAMIC) :    0.390
LENNARD_JONES_SWITCH                              :    6.500   7.500
COULOMB_JONES_SWITCH                              :    6.500   7.500
RESIDUE_SPAN_RANGE                                :        1    9999
NLOGN_USE                                         :       15
CONTACT_SHELL                                     :   15.000
DYNAMIC_PAIRS,_SPHERE,_COULOMB,_LENNARD,_MODELLER :        T       F       F       F       T
SPHERE_STDV                                       :    0.050
RADII_FACTOR                                      :    0.820
Current energy                                    :      -32027.5918




<< end of ENERGY.
DOPE score               : -32027.591797
>> Model assessment by GA341 potential

Surface library          : /usr/lib/modeller10.5/modlib/surf5.de
Pair library             : /usr/lib/modeller10.5/modlib/pair9.de
Chain identifier         : _
% sequence identity      :    89.389000
Sequence length          :          311
Compactness              :     0.130667
Native energy (pair)     :  -138.461666
Native energy (surface)  :    18.134630
Native energy (combined) :     1.085916
Z score (pair)           :    -5.065824
Z score (surface)        :    -1.498384
Z score (combined)       :    -4.498496
GA341 score              :     1.000000



>> ENERGY; Differences between the model's features and restraints:
Number of all residues in MODEL                   :      311
Number of all, selected real atoms                :     2416    2416
Number of all, selected pseudo atoms              :        0       0
Number of all static, selected restraints         :    27559   27559
COVALENT_CYS                                      :        F
NONBONDED_SEL_ATOMS                               :        1
Number of non-bonded pairs (excluding 1-2,1-3,1-4):     5279
Dynamic pairs routine                             : 2, NATM x NATM cell sorting
Atomic shift for contacts update (UPDATE_DYNAMIC) :    0.390
LENNARD_JONES_SWITCH                              :    6.500   7.500
COULOMB_JONES_SWITCH                              :    6.500   7.500
RESIDUE_SPAN_RANGE                                :        0   99999
NLOGN_USE                                         :       15
CONTACT_SHELL                                     :    4.000
DYNAMIC_PAIRS,_SPHERE,_COULOMB,_LENNARD,_MODELLER :        T       T       F       F       F
SPHERE_STDV                                       :    0.050
RADII_FACTOR                                      :    0.820
Current energy                                    :        1507.3458





Summary of the restraint violations: 

   NUM     ... number of restraints.
   NUMVI   ... number of restraints with RVIOL > VIOL_REPORT_CUT[i].
   RVIOL   ... relative difference from the best value.
   NUMVP   ... number of restraints with -Ln(pdf) > VIOL_REPORT_CUT2[i].
   RMS_1   ... RMS(feature, minimally_violated_basis_restraint, NUMB).
   RMS_2   ... RMS(feature, best_value, NUMB).
   MOL.PDF ... scaled contribution to -Ln(Molecular pdf).

 #                     RESTRAINT_GROUP      NUM   NUMVI  NUMVP   RMS_1   RMS_2         MOL.PDF     S_i
------------------------------------------------------------------------------------------------------
 1 Bond length potential              :    2491       0      0   0.005   0.005      16.479       1.000
 2 Bond angle potential               :    3397       0      8   2.024   2.024      272.95       1.000
 3 Stereochemical cosine torsion poten:    1749       0     32  42.754  42.754      475.80       1.000
 4 Stereochemical improper torsion pot:    1115       0      1   1.273   1.273      43.846       1.000
 5 Soft-sphere overlap restraints     :    5279       0      0   0.001   0.001      1.1034       1.000
 6 Lennard-Jones 6-12 potential       :       0       0      0   0.000   0.000      0.0000       1.000
 7 Coulomb point-point electrostatic p:       0       0      0   0.000   0.000      0.0000       1.000
 8 H-bonding potential                :       0       0      0   0.000   0.000      0.0000       1.000
 9 Distance restraints 1 (CA-CA)      :    5176       0      0   0.121   0.121      85.195       1.000
10 Distance restraints 2 (N-O)        :    5811       0      0   0.168   0.168      177.87       1.000
11 Mainchain Phi dihedral restraints  :       0       0      0   0.000   0.000      0.0000       1.000
12 Mainchain Psi dihedral restraints  :       0       0      0   0.000   0.000      0.0000       1.000
13 Mainchain Omega dihedral restraints:     310       0      4   4.265   4.265      66.489       1.000
14 Sidechain Chi_1 dihedral restraints:     249       0      0  51.474  51.474      20.291       1.000
15 Sidechain Chi_2 dihedral restraints:     191       0      1  70.546  70.546      66.910       1.000
16 Sidechain Chi_3 dihedral restraints:      58       0      0  62.015  62.015      32.937       1.000
17 Sidechain Chi_4 dihedral restraints:      11       0      0  77.705  77.705      7.5547       1.000
18 Disulfide distance restraints      :       0       0      0   0.000   0.000      0.0000       1.000
19 Disulfide angle restraints         :       0       0      0   0.000   0.000      0.0000       1.000
20 Disulfide dihedral angle restraints:       0       0      0   0.000   0.000      0.0000       1.000
21 Lower bound distance restraints    :       0       0      0   0.000   0.000      0.0000       1.000
22 Upper bound distance restraints    :       0       0      0   0.000   0.000      0.0000       1.000
23 Distance restraints 3 (SDCH-MNCH)  :    4684       0      0   0.395   0.395      131.78       1.000
24 Sidechain Chi_5 dihedral restraints:       0       0      0   0.000   0.000      0.0000       1.000
25 Phi/Psi pair of dihedral restraints:     309       4     28  19.538  22.246     -36.526       1.000
26 Distance restraints 4 (SDCH-SDCH)  :    2008       0      0   0.722   0.722      144.66       1.000
27 Distance restraints 5 (X-Y)        :       0       0      0   0.000   0.000      0.0000       1.000
28 NMR distance restraints 6 (X-Y)    :       0       0      0   0.000   0.000      0.0000       1.000
29 NMR distance restraints 7 (X-Y)    :       0       0      0   0.000   0.000      0.0000       1.000
30 Minimal distance restraints        :       0       0      0   0.000   0.000      0.0000       1.000
31 Non-bonded restraints              :       0       0      0   0.000   0.000      0.0000       1.000
32 Atomic accessibility restraints    :       0       0      0   0.000   0.000      0.0000       1.000
33 Atomic density restraints          :       0       0      0   0.000   0.000      0.0000       1.000
34 Absolute position restraints       :       0       0      0   0.000   0.000      0.0000       1.000
35 Dihedral angle difference restraint:       0       0      0   0.000   0.000      0.0000       1.000
36 GBSA implicit solvent potential    :       0       0      0   0.000   0.000      0.0000       1.000
37 EM density fitting potential       :       0       0      0   0.000   0.000      0.0000       1.000
38 SAXS restraints                    :       0       0      0   0.000   0.000      0.0000       1.000
39 Symmetry restraints                :       0       0      0   0.000   0.000      0.0000       1.000



# Heavy relative violation of each residue is written to: ABV45437.V99990002
# The profile is NOT normalized by the number of restraints.
# The profiles are smoothed over a window of residues:    1
# The sum of all numbers in the file:   24757.8457



List of the violated restraints:
   A restraint is violated when the relative difference
   from the best value (RVIOL) is larger than CUTOFF.

   ICSR   ... index of a restraint in the current set.
   RESNO  ... residue numbers of the first two atoms.
   ATM    ... IUPAC atom names of the first two atoms.
   FEAT   ... the value of the feature in the model.
   restr  ... the mean of the basis restraint with the smallest
              difference from the model (local minimum).
   viol   ... difference from the local minimum.
   rviol  ... relative difference from the local minimum.
   RESTR  ... the best value (global minimum).
   VIOL   ... difference from the best value.
   RVIOL  ... relative difference from the best value.


-------------------------------------------------------------------------------------------------

Feature 25                           : Phi/Psi pair of dihedral restraints     
List of the RVIOL violations larger than   :       6.5000

    #   ICSR  RESNO1/2 ATM1/2   INDATM1/2    FEAT   restr    viol   rviol   RESTR    VIOL   RVIOL
    1   8829  77Y  78N C   N     583  585  -98.66  -63.20   73.21    7.87  -63.20   73.21    7.87
    1         78N  78N N   CA    585  586   22.95  -41.10                  -41.10
    2   8880 128F 129L C   N     979  981 -101.11  -63.50   39.01    7.09  -63.50   39.01    7.09
    2        129L 129L N   CA    981  982  -51.57  -41.20                  -41.20
    3   8951 199E 200N C   N    1512 1514 -110.29 -119.90   66.15    2.77  -63.20  122.10   13.30
    3        200N 200N N   CA   1514 1515   71.55  137.00                  -41.10
    4   8987 235F 236N C   N    1807 1809 -130.13  -63.20   73.37    9.46  -63.20   73.37    9.46
    4        236N 236N N   CA   1809 1810  -11.03  -41.10                  -41.10


report______> Distribution of short non-bonded contacts:


DISTANCE1:  0.00 2.10 2.20 2.30 2.40 2.50 2.60 2.70 2.80 2.90 3.00 3.10 3.20 3.30 3.40
DISTANCE2:  2.10 2.20 2.30 2.40 2.50 2.60 2.70 2.80 2.90 3.00 3.10 3.20 3.30 3.40 3.50
FREQUENCY:     0    0    0    0    0    6   41  122  174  224  255  322  403  381  413


<< end of ENERGY.
iupac_m_397W> Atoms were not swapped because of the uncertainty of how to handle the H atom.
iupac_m_397W> Atoms were not swapped because of the uncertainty of how to handle the H atom.
iupac_m_397W> Atoms were not swapped because of the uncertainty of how to handle the H atom.
iupac_m_397W> Atoms were not swapped because of the uncertainty of how to handle the H atom.
iupac_m_397W> Atoms were not swapped because of the uncertainty of how to handle the H atom.
iupac_m_397W> Atoms were not swapped because of the uncertainty of how to handle the H atom.
iupac_m_397W> Atoms were not swapped because of the uncertainty of how to handle the H atom.
iupac_m_397W> Atoms were not swapped because of the uncertainty of how to handle the H atom.
>> Model assessment by DOPE potential
iatmcls_286W> MODEL atom not classified:  LEU:OXT  LEU


>> ENERGY; Differences between the model's features and restraints:
Number of all residues in MODEL                   :      311
Number of all, selected real atoms                :     2416    2416
Number of all, selected pseudo atoms              :        0       0
Number of all static, selected restraints         :    27559   27559
COVALENT_CYS                                      :        F
NONBONDED_SEL_ATOMS                               :        1
Number of non-bonded pairs (excluding 1-2,1-3,1-4):   363931
Dynamic pairs routine                             : 1, NATM x NATM double loop
Atomic shift for contacts update (UPDATE_DYNAMIC) :    0.390
LENNARD_JONES_SWITCH                              :    6.500   7.500
COULOMB_JONES_SWITCH                              :    6.500   7.500
RESIDUE_SPAN_RANGE                                :        1    9999
NLOGN_USE                                         :       15
CONTACT_SHELL                                     :   15.000
DYNAMIC_PAIRS,_SPHERE,_COULOMB,_LENNARD,_MODELLER :        T       F       F       F       T
SPHERE_STDV                                       :    0.050
RADII_FACTOR                                      :    0.820
Current energy                                    :      -31708.4277




<< end of ENERGY.
DOPE score               : -31708.427734
>> Model assessment by GA341 potential

Surface library          : /usr/lib/modeller10.5/modlib/surf5.de
Pair library             : /usr/lib/modeller10.5/modlib/pair9.de
Chain identifier         : _
% sequence identity      :    89.389000
Sequence length          :          311
Compactness              :     0.126390
Native energy (pair)     :  -111.468604
Native energy (surface)  :    19.028452
Native energy (combined) :     1.807949
Z score (pair)           :    -4.839213
Z score (surface)        :    -1.229647
Z score (combined)       :    -4.130923
GA341 score              :     1.000000



>> ENERGY; Differences between the model's features and restraints:
Number of all residues in MODEL                   :      311
Number of all, selected real atoms                :     2416    2416
Number of all, selected pseudo atoms              :        0       0
Number of all static, selected restraints         :    27559   27559
COVALENT_CYS                                      :        F
NONBONDED_SEL_ATOMS                               :        1
Number of non-bonded pairs (excluding 1-2,1-3,1-4):     5395
Dynamic pairs routine                             : 2, NATM x NATM cell sorting
Atomic shift for contacts update (UPDATE_DYNAMIC) :    0.390
LENNARD_JONES_SWITCH                              :    6.500   7.500
COULOMB_JONES_SWITCH                              :    6.500   7.500
RESIDUE_SPAN_RANGE                                :        0   99999
NLOGN_USE                                         :       15
CONTACT_SHELL                                     :    4.000
DYNAMIC_PAIRS,_SPHERE,_COULOMB,_LENNARD,_MODELLER :        T       T       F       F       F
SPHERE_STDV                                       :    0.050
RADII_FACTOR                                      :    0.820
Current energy                                    :        1679.7948





Summary of the restraint violations: 

   NUM     ... number of restraints.
   NUMVI   ... number of restraints with RVIOL > VIOL_REPORT_CUT[i].
   RVIOL   ... relative difference from the best value.
   NUMVP   ... number of restraints with -Ln(pdf) > VIOL_REPORT_CUT2[i].
   RMS_1   ... RMS(feature, minimally_violated_basis_restraint, NUMB).
   RMS_2   ... RMS(feature, best_value, NUMB).
   MOL.PDF ... scaled contribution to -Ln(Molecular pdf).

 #                     RESTRAINT_GROUP      NUM   NUMVI  NUMVP   RMS_1   RMS_2         MOL.PDF     S_i
------------------------------------------------------------------------------------------------------
 1 Bond length potential              :    2491       0      1   0.006   0.006      23.001       1.000
 2 Bond angle potential               :    3397       0      9   2.040   2.040      279.80       1.000
 3 Stereochemical cosine torsion poten:    1749       0     32  42.783  42.783      476.77       1.000
 4 Stereochemical improper torsion pot:    1115       0      1   1.260   1.260      44.671       1.000
 5 Soft-sphere overlap restraints     :    5395       0      2   0.005   0.005      14.339       1.000
 6 Lennard-Jones 6-12 potential       :       0       0      0   0.000   0.000      0.0000       1.000
 7 Coulomb point-point electrostatic p:       0       0      0   0.000   0.000      0.0000       1.000
 8 H-bonding potential                :       0       0      0   0.000   0.000      0.0000       1.000
 9 Distance restraints 1 (CA-CA)      :    5176       0     11   0.148   0.148      137.36       1.000
10 Distance restraints 2 (N-O)        :    5811       2     10   0.195   0.195      247.30       1.000
11 Mainchain Phi dihedral restraints  :       0       0      0   0.000   0.000      0.0000       1.000
12 Mainchain Psi dihedral restraints  :       0       0      0   0.000   0.000      0.0000       1.000
13 Mainchain Omega dihedral restraints:     310       1      5   4.871   4.871      86.747       1.000
14 Sidechain Chi_1 dihedral restraints:     249       0      1  56.194  56.194      20.515       1.000
15 Sidechain Chi_2 dihedral restraints:     191       0      0  64.991  64.991      45.951       1.000
16 Sidechain Chi_3 dihedral restraints:      58       0      0  57.198  57.198      35.122       1.000
17 Sidechain Chi_4 dihedral restraints:      11       0      0 104.423 104.423      6.7974       1.000
18 Disulfide distance restraints      :       0       0      0   0.000   0.000      0.0000       1.000
19 Disulfide angle restraints         :       0       0      0   0.000   0.000      0.0000       1.000
20 Disulfide dihedral angle restraints:       0       0      0   0.000   0.000      0.0000       1.000
21 Lower bound distance restraints    :       0       0      0   0.000   0.000      0.0000       1.000
22 Upper bound distance restraints    :       0       0      0   0.000   0.000      0.0000       1.000
23 Distance restraints 3 (SDCH-MNCH)  :    4684       0      0   0.398   0.398      136.74       1.000
24 Sidechain Chi_5 dihedral restraints:       0       0      0   0.000   0.000      0.0000       1.000
25 Phi/Psi pair of dihedral restraints:     309       6     29  20.256  26.436     -14.151       1.000
26 Distance restraints 4 (SDCH-SDCH)  :    2008       0      2   0.705   0.705      138.83       1.000
27 Distance restraints 5 (X-Y)        :       0       0      0   0.000   0.000      0.0000       1.000
28 NMR distance restraints 6 (X-Y)    :       0       0      0   0.000   0.000      0.0000       1.000
29 NMR distance restraints 7 (X-Y)    :       0       0      0   0.000   0.000      0.0000       1.000
30 Minimal distance restraints        :       0       0      0   0.000   0.000      0.0000       1.000
31 Non-bonded restraints              :       0       0      0   0.000   0.000      0.0000       1.000
32 Atomic accessibility restraints    :       0       0      0   0.000   0.000      0.0000       1.000
33 Atomic density restraints          :       0       0      0   0.000   0.000      0.0000       1.000
34 Absolute position restraints       :       0       0      0   0.000   0.000      0.0000       1.000
35 Dihedral angle difference restraint:       0       0      0   0.000   0.000      0.0000       1.000
36 GBSA implicit solvent potential    :       0       0      0   0.000   0.000      0.0000       1.000
37 EM density fitting potential       :       0       0      0   0.000   0.000      0.0000       1.000
38 SAXS restraints                    :       0       0      0   0.000   0.000      0.0000       1.000
39 Symmetry restraints                :       0       0      0   0.000   0.000      0.0000       1.000



# Heavy relative violation of each residue is written to: ABV45437.V99990003
# The profile is NOT normalized by the number of restraints.
# The profiles are smoothed over a window of residues:    1
# The sum of all numbers in the file:   25390.5703



List of the violated restraints:
   A restraint is violated when the relative difference
   from the best value (RVIOL) is larger than CUTOFF.

   ICSR   ... index of a restraint in the current set.
   RESNO  ... residue numbers of the first two atoms.
   ATM    ... IUPAC atom names of the first two atoms.
   FEAT   ... the value of the feature in the model.
   restr  ... the mean of the basis restraint with the smallest
              difference from the model (local minimum).
   viol   ... difference from the local minimum.
   rviol  ... relative difference from the local minimum.
   RESTR  ... the best value (global minimum).
   VIOL   ... difference from the best value.
   RVIOL  ... relative difference from the best value.


-------------------------------------------------------------------------------------------------

Feature 10                           : Distance restraints 2 (N-O)             
List of the RVIOL violations larger than   :       4.5000

    #   ICSR  RESNO1/2 ATM1/2   INDATM1/2    FEAT   restr    viol   rviol   RESTR    VIOL   RVIOL
    1  18864 180L 177G N   O    1363 1352    5.11    2.86    2.26    4.75    2.86    2.26    4.75
    2  18878 181F 177G N   O    1371 1352    5.38    2.62    2.76    6.02    2.62    2.76    6.02

-------------------------------------------------------------------------------------------------

Feature 25                           : Phi/Psi pair of dihedral restraints     
List of the RVIOL violations larger than   :       6.5000

    #   ICSR  RESNO1/2 ATM1/2   INDATM1/2    FEAT   restr    viol   rviol   RESTR    VIOL   RVIOL
    1   8790  38S  39G C   N     283  285 -158.46  -62.40  109.01   16.80  -62.40  109.01   16.80
    1         39G  39G N   CA    285  286   10.35  -41.20                  -41.20
    2   8880 128F 129L C   N     979  981 -101.23  -63.50   38.68    6.99  -63.50   38.68    6.99
    2        129L 129L N   CA    981  982  -49.74  -41.20                  -41.20
    3   8928 176F 177G C   N    1347 1349  121.43   82.20   39.46    2.48  -62.40 -178.07   30.35
    3        177G 177G N   CA   1349 1350    4.22    8.50                  -41.20
    4   8929 177G 178G C   N    1351 1353   55.91   82.20   37.79    1.16  -62.40  141.07   26.64
    4        178G 178G N   CA   1353 1354   35.64    8.50                  -41.20
    5   8943 191S 192S C   N    1447 1449 -108.37 -136.60   92.36    4.01  -64.10  107.77    6.75
    5        192S 192S N   CA   1449 1450   63.25  151.20                  -35.00
    6   8951 199E 200N C   N    1512 1514 -112.29 -119.90   62.61    2.66  -63.20  125.92   13.70
    6        200N 200N N   CA   1514 1515   74.85  137.00                  -41.10


report______> Distribution of short non-bonded contacts:


DISTANCE1:  0.00 2.10 2.20 2.30 2.40 2.50 2.60 2.70 2.80 2.90 3.00 3.10 3.20 3.30 3.40
DISTANCE2:  2.10 2.20 2.30 2.40 2.50 2.60 2.70 2.80 2.90 3.00 3.10 3.20 3.30 3.40 3.50
FREQUENCY:     0    0    0    0    0   12   35  143  179  265  232  301  397  383  441


<< end of ENERGY.
iupac_m_397W> Atoms were not swapped because of the uncertainty of how to handle the H atom.
iupac_m_397W> Atoms were not swapped because of the uncertainty of how to handle the H atom.
iupac_m_397W> Atoms were not swapped because of the uncertainty of how to handle the H atom.
>> Model assessment by DOPE potential
iatmcls_286W> MODEL atom not classified:  LEU:OXT  LEU


>> ENERGY; Differences between the model's features and restraints:
Number of all residues in MODEL                   :      311
Number of all, selected real atoms                :     2416    2416
Number of all, selected pseudo atoms              :        0       0
Number of all static, selected restraints         :    27559   27559
COVALENT_CYS                                      :        F
NONBONDED_SEL_ATOMS                               :        1
Number of non-bonded pairs (excluding 1-2,1-3,1-4):   365945
Dynamic pairs routine                             : 1, NATM x NATM double loop
Atomic shift for contacts update (UPDATE_DYNAMIC) :    0.390
LENNARD_JONES_SWITCH                              :    6.500   7.500
COULOMB_JONES_SWITCH                              :    6.500   7.500
RESIDUE_SPAN_RANGE                                :        1    9999
NLOGN_USE                                         :       15
CONTACT_SHELL                                     :   15.000
DYNAMIC_PAIRS,_SPHERE,_COULOMB,_LENNARD,_MODELLER :        T       F       F       F       T
SPHERE_STDV                                       :    0.050
RADII_FACTOR                                      :    0.820
Current energy                                    :      -31974.8887




<< end of ENERGY.
DOPE score               : -31974.888672
>> Model assessment by GA341 potential

Surface library          : /usr/lib/modeller10.5/modlib/surf5.de
Pair library             : /usr/lib/modeller10.5/modlib/pair9.de
Chain identifier         : _
% sequence identity      :    89.389000
Sequence length          :          311
Compactness              :     0.137812
Native energy (pair)     :  -126.554478
Native energy (surface)  :    18.721488
Native energy (combined) :     1.523276
Z score (pair)           :    -4.826369
Z score (surface)        :    -1.282700
Z score (combined)       :    -4.208205
GA341 score              :     1.000000



>> ENERGY; Differences between the model's features and restraints:
Number of all residues in MODEL                   :      311
Number of all, selected real atoms                :     2416    2416
Number of all, selected pseudo atoms              :        0       0
Number of all static, selected restraints         :    27559   27559
COVALENT_CYS                                      :        F
NONBONDED_SEL_ATOMS                               :        1
Number of non-bonded pairs (excluding 1-2,1-3,1-4):     5402
Dynamic pairs routine                             : 2, NATM x NATM cell sorting
Atomic shift for contacts update (UPDATE_DYNAMIC) :    0.390
LENNARD_JONES_SWITCH                              :    6.500   7.500
COULOMB_JONES_SWITCH                              :    6.500   7.500
RESIDUE_SPAN_RANGE                                :        0   99999
NLOGN_USE                                         :       15
CONTACT_SHELL                                     :    4.000
DYNAMIC_PAIRS,_SPHERE,_COULOMB,_LENNARD,_MODELLER :        T       T       F       F       F
SPHERE_STDV                                       :    0.050
RADII_FACTOR                                      :    0.820
Current energy                                    :        1453.5853





Summary of the restraint violations: 

   NUM     ... number of restraints.
   NUMVI   ... number of restraints with RVIOL > VIOL_REPORT_CUT[i].
   RVIOL   ... relative difference from the best value.
   NUMVP   ... number of restraints with -Ln(pdf) > VIOL_REPORT_CUT2[i].
   RMS_1   ... RMS(feature, minimally_violated_basis_restraint, NUMB).
   RMS_2   ... RMS(feature, best_value, NUMB).
   MOL.PDF ... scaled contribution to -Ln(Molecular pdf).

 #                     RESTRAINT_GROUP      NUM   NUMVI  NUMVP   RMS_1   RMS_2         MOL.PDF     S_i
------------------------------------------------------------------------------------------------------
 1 Bond length potential              :    2491       0      0   0.005   0.005      16.503       1.000
 2 Bond angle potential               :    3397       0     10   1.999   1.999      265.22       1.000
 3 Stereochemical cosine torsion poten:    1749       0     31  42.638  42.638      469.80       1.000
 4 Stereochemical improper torsion pot:    1115       0      1   1.214   1.214      40.357       1.000
 5 Soft-sphere overlap restraints     :    5402       0      0   0.001   0.001      1.4309       1.000
 6 Lennard-Jones 6-12 potential       :       0       0      0   0.000   0.000      0.0000       1.000
 7 Coulomb point-point electrostatic p:       0       0      0   0.000   0.000      0.0000       1.000
 8 H-bonding potential                :       0       0      0   0.000   0.000      0.0000       1.000
 9 Distance restraints 1 (CA-CA)      :    5176       0      0   0.120   0.120      83.839       1.000
10 Distance restraints 2 (N-O)        :    5811       0      2   0.173   0.173      188.32       1.000
11 Mainchain Phi dihedral restraints  :       0       0      0   0.000   0.000      0.0000       1.000
12 Mainchain Psi dihedral restraints  :       0       0      0   0.000   0.000      0.0000       1.000
13 Mainchain Omega dihedral restraints:     310       0      3   4.252   4.252      66.095       1.000
14 Sidechain Chi_1 dihedral restraints:     249       0      0  55.982  55.982      15.166       1.000
15 Sidechain Chi_2 dihedral restraints:     191       0      0  65.592  65.592      50.730       1.000
16 Sidechain Chi_3 dihedral restraints:      58       0      0  66.970  66.970      34.896       1.000
17 Sidechain Chi_4 dihedral restraints:      11       0      0  84.588  84.588      7.4031       1.000
18 Disulfide distance restraints      :       0       0      0   0.000   0.000      0.0000       1.000
19 Disulfide angle restraints         :       0       0      0   0.000   0.000      0.0000       1.000
20 Disulfide dihedral angle restraints:       0       0      0   0.000   0.000      0.0000       1.000
21 Lower bound distance restraints    :       0       0      0   0.000   0.000      0.0000       1.000
22 Upper bound distance restraints    :       0       0      0   0.000   0.000      0.0000       1.000
23 Distance restraints 3 (SDCH-MNCH)  :    4684       0      0   0.371   0.371      118.46       1.000
24 Sidechain Chi_5 dihedral restraints:       0       0      0   0.000   0.000      0.0000       1.000
25 Phi/Psi pair of dihedral restraints:     309       7     28  19.419  26.822     -42.876       1.000
26 Distance restraints 4 (SDCH-SDCH)  :    2008       0      0   0.705   0.705      138.23       1.000
27 Distance restraints 5 (X-Y)        :       0       0      0   0.000   0.000      0.0000       1.000
28 NMR distance restraints 6 (X-Y)    :       0       0      0   0.000   0.000      0.0000       1.000
29 NMR distance restraints 7 (X-Y)    :       0       0      0   0.000   0.000      0.0000       1.000
30 Minimal distance restraints        :       0       0      0   0.000   0.000      0.0000       1.000
31 Non-bonded restraints              :       0       0      0   0.000   0.000      0.0000       1.000
32 Atomic accessibility restraints    :       0       0      0   0.000   0.000      0.0000       1.000
33 Atomic density restraints          :       0       0      0   0.000   0.000      0.0000       1.000
34 Absolute position restraints       :       0       0      0   0.000   0.000      0.0000       1.000
35 Dihedral angle difference restraint:       0       0      0   0.000   0.000      0.0000       1.000
36 GBSA implicit solvent potential    :       0       0      0   0.000   0.000      0.0000       1.000
37 EM density fitting potential       :       0       0      0   0.000   0.000      0.0000       1.000
38 SAXS restraints                    :       0       0      0   0.000   0.000      0.0000       1.000
39 Symmetry restraints                :       0       0      0   0.000   0.000      0.0000       1.000



# Heavy relative violation of each residue is written to: ABV45437.V99990004
# The profile is NOT normalized by the number of restraints.
# The profiles are smoothed over a window of residues:    1
# The sum of all numbers in the file:   24528.8105



List of the violated restraints:
   A restraint is violated when the relative difference
   from the best value (RVIOL) is larger than CUTOFF.

   ICSR   ... index of a restraint in the current set.
   RESNO  ... residue numbers of the first two atoms.
   ATM    ... IUPAC atom names of the first two atoms.
   FEAT   ... the value of the feature in the model.
   restr  ... the mean of the basis restraint with the smallest
              difference from the model (local minimum).
   viol   ... difference from the local minimum.
   rviol  ... relative difference from the local minimum.
   RESTR  ... the best value (global minimum).
   VIOL   ... difference from the best value.
   RVIOL  ... relative difference from the best value.


-------------------------------------------------------------------------------------------------

Feature 25                           : Phi/Psi pair of dihedral restraints     
List of the RVIOL violations larger than   :       6.5000

    #   ICSR  RESNO1/2 ATM1/2   INDATM1/2    FEAT   restr    viol   rviol   RESTR    VIOL   RVIOL
    1   8829  77Y  78N C   N     583  585  -98.11  -63.20   73.00    7.85  -63.20   73.00    7.85
    1         78N  78N N   CA    585  586   23.01  -41.10                  -41.10
    2   8862 110R 111P C   N     851  853  -80.45  -58.70   33.66    2.20  -64.50  152.85   12.26
    2        111P 111P N   CA    853  854   -4.81  -30.50                  147.20
    3   8863 111P 112W C   N     858  860  -73.64  -63.00   27.81    3.06   58.80  142.10   14.54
    3        112W 112W N   CA    860  861  -18.50  -44.20                   33.00
    4   8880 128F 129L C   N     979  981 -100.32  -63.50   38.22    6.95  -63.50   38.22    6.95
    4        129L 129L N   CA    981  982  -51.47  -41.20                  -41.20
    5   8943 191S 192S C   N    1447 1449 -107.31 -136.60   88.63    3.78  -64.10  111.28    6.92
    5        192S 192S N   CA   1449 1450   67.55  151.20                  -35.00
    6   8951 199E 200N C   N    1512 1514 -109.76 -119.90   72.59    3.06  -63.20  115.98   12.60
    6        200N 200N N   CA   1514 1515   65.12  137.00                  -41.10
    7   9061 309F 310P C   N    2399 2401  -70.39  -64.50   17.40    1.05  -58.70  166.35   14.70
    7        310P 310P N   CA   2401 2402  163.57  147.20                  -30.50


report______> Distribution of short non-bonded contacts:


DISTANCE1:  0.00 2.10 2.20 2.30 2.40 2.50 2.60 2.70 2.80 2.90 3.00 3.10 3.20 3.30 3.40
DISTANCE2:  2.10 2.20 2.30 2.40 2.50 2.60 2.70 2.80 2.90 3.00 3.10 3.20 3.30 3.40 3.50
FREQUENCY:     0    0    0    0    0   15   30  144  178  234  253  320  396  428  434


<< end of ENERGY.
iupac_m_397W> Atoms were not swapped because of the uncertainty of how to handle the H atom.
iupac_m_397W> Atoms were not swapped because of the uncertainty of how to handle the H atom.
iupac_m_397W> Atoms were not swapped because of the uncertainty of how to handle the H atom.
iupac_m_397W> Atoms were not swapped because of the uncertainty of how to handle the H atom.
iupac_m_397W> Atoms were not swapped because of the uncertainty of how to handle the H atom.
>> Model assessment by DOPE potential
iatmcls_286W> MODEL atom not classified:  LEU:OXT  LEU


>> ENERGY; Differences between the model's features and restraints:
Number of all residues in MODEL                   :      311
Number of all, selected real atoms                :     2416    2416
Number of all, selected pseudo atoms              :        0       0
Number of all static, selected restraints         :    27559   27559
COVALENT_CYS                                      :        F
NONBONDED_SEL_ATOMS                               :        1
Number of non-bonded pairs (excluding 1-2,1-3,1-4):   364002
Dynamic pairs routine                             : 1, NATM x NATM double loop
Atomic shift for contacts update (UPDATE_DYNAMIC) :    0.390
LENNARD_JONES_SWITCH                              :    6.500   7.500
COULOMB_JONES_SWITCH                              :    6.500   7.500
RESIDUE_SPAN_RANGE                                :        1    9999
NLOGN_USE                                         :       15
CONTACT_SHELL                                     :   15.000
DYNAMIC_PAIRS,_SPHERE,_COULOMB,_LENNARD,_MODELLER :        T       F       F       F       T
SPHERE_STDV                                       :    0.050
RADII_FACTOR                                      :    0.820
Current energy                                    :      -31634.1055




<< end of ENERGY.
DOPE score               : -31634.105469
>> Model assessment by GA341 potential

Surface library          : /usr/lib/modeller10.5/modlib/surf5.de
Pair library             : /usr/lib/modeller10.5/modlib/pair9.de
Chain identifier         : _
% sequence identity      :    89.389000
Sequence length          :          311
Compactness              :     0.137914
Native energy (pair)     :  -128.538159
Native energy (surface)  :    19.015239
Native energy (combined) :     1.467516
Z score (pair)           :    -4.904560
Z score (surface)        :    -1.328489
Z score (combined)       :    -4.232230
GA341 score              :     1.000000



>> ENERGY; Differences between the model's features and restraints:
Number of all residues in MODEL                   :      311
Number of all, selected real atoms                :     2416    2416
Number of all, selected pseudo atoms              :        0       0
Number of all static, selected restraints         :    27559   27559
COVALENT_CYS                                      :        F
NONBONDED_SEL_ATOMS                               :        1
Number of non-bonded pairs (excluding 1-2,1-3,1-4):     5447
Dynamic pairs routine                             : 2, NATM x NATM cell sorting
Atomic shift for contacts update (UPDATE_DYNAMIC) :    0.390
LENNARD_JONES_SWITCH                              :    6.500   7.500
COULOMB_JONES_SWITCH                              :    6.500   7.500
RESIDUE_SPAN_RANGE                                :        0   99999
NLOGN_USE                                         :       15
CONTACT_SHELL                                     :    4.000
DYNAMIC_PAIRS,_SPHERE,_COULOMB,_LENNARD,_MODELLER :        T       T       F       F       F
SPHERE_STDV                                       :    0.050
RADII_FACTOR                                      :    0.820
Current energy                                    :        1472.0741





Summary of the restraint violations: 

   NUM     ... number of restraints.
   NUMVI   ... number of restraints with RVIOL > VIOL_REPORT_CUT[i].
   RVIOL   ... relative difference from the best value.
   NUMVP   ... number of restraints with -Ln(pdf) > VIOL_REPORT_CUT2[i].
   RMS_1   ... RMS(feature, minimally_violated_basis_restraint, NUMB).
   RMS_2   ... RMS(feature, best_value, NUMB).
   MOL.PDF ... scaled contribution to -Ln(Molecular pdf).

 #                     RESTRAINT_GROUP      NUM   NUMVI  NUMVP   RMS_1   RMS_2         MOL.PDF     S_i
------------------------------------------------------------------------------------------------------
 1 Bond length potential              :    2491       0      0   0.005   0.005      16.308       1.000
 2 Bond angle potential               :    3397       0      8   2.004   2.004      267.64       1.000
 3 Stereochemical cosine torsion poten:    1749       0     31  42.646  42.646      474.35       1.000
 4 Stereochemical improper torsion pot:    1115       0      1   1.201   1.201      40.140       1.000
 5 Soft-sphere overlap restraints     :    5447       0      0   0.001   0.001      1.3942       1.000
 6 Lennard-Jones 6-12 potential       :       0       0      0   0.000   0.000      0.0000       1.000
 7 Coulomb point-point electrostatic p:       0       0      0   0.000   0.000      0.0000       1.000
 8 H-bonding potential                :       0       0      0   0.000   0.000      0.0000       1.000
 9 Distance restraints 1 (CA-CA)      :    5176       0      0   0.112   0.112      74.277       1.000
10 Distance restraints 2 (N-O)        :    5811       0      0   0.165   0.165      173.40       1.000
11 Mainchain Phi dihedral restraints  :       0       0      0   0.000   0.000      0.0000       1.000
12 Mainchain Psi dihedral restraints  :       0       0      0   0.000   0.000      0.0000       1.000
13 Mainchain Omega dihedral restraints:     310       0      1   4.079   4.079      60.831       1.000
14 Sidechain Chi_1 dihedral restraints:     249       0      1  61.038  61.038      40.425       1.000
15 Sidechain Chi_2 dihedral restraints:     191       0      0  58.717  58.717      48.503       1.000
16 Sidechain Chi_3 dihedral restraints:      58       0      0  70.689  70.689      33.253       1.000
17 Sidechain Chi_4 dihedral restraints:      11       0      0 126.457 126.457      6.1313       1.000
18 Disulfide distance restraints      :       0       0      0   0.000   0.000      0.0000       1.000
19 Disulfide angle restraints         :       0       0      0   0.000   0.000      0.0000       1.000
20 Disulfide dihedral angle restraints:       0       0      0   0.000   0.000      0.0000       1.000
21 Lower bound distance restraints    :       0       0      0   0.000   0.000      0.0000       1.000
22 Upper bound distance restraints    :       0       0      0   0.000   0.000      0.0000       1.000
23 Distance restraints 3 (SDCH-MNCH)  :    4684       0      0   0.407   0.407      141.77       1.000
24 Sidechain Chi_5 dihedral restraints:       0       0      0   0.000   0.000      0.0000       1.000
25 Phi/Psi pair of dihedral restraints:     309       3     26  19.125  21.167     -49.656       1.000
26 Distance restraints 4 (SDCH-SDCH)  :    2008       0      0   0.715   0.715      143.31       1.000
27 Distance restraints 5 (X-Y)        :       0       0      0   0.000   0.000      0.0000       1.000
28 NMR distance restraints 6 (X-Y)    :       0       0      0   0.000   0.000      0.0000       1.000
29 NMR distance restraints 7 (X-Y)    :       0       0      0   0.000   0.000      0.0000       1.000
30 Minimal distance restraints        :       0       0      0   0.000   0.000      0.0000       1.000
31 Non-bonded restraints              :       0       0      0   0.000   0.000      0.0000       1.000
32 Atomic accessibility restraints    :       0       0      0   0.000   0.000      0.0000       1.000
33 Atomic density restraints          :       0       0      0   0.000   0.000      0.0000       1.000
34 Absolute position restraints       :       0       0      0   0.000   0.000      0.0000       1.000
35 Dihedral angle difference restraint:       0       0      0   0.000   0.000      0.0000       1.000
36 GBSA implicit solvent potential    :       0       0      0   0.000   0.000      0.0000       1.000
37 EM density fitting potential       :       0       0      0   0.000   0.000      0.0000       1.000
38 SAXS restraints                    :       0       0      0   0.000   0.000      0.0000       1.000
39 Symmetry restraints                :       0       0      0   0.000   0.000      0.0000       1.000



# Heavy relative violation of each residue is written to: ABV45437.V99990005
# The profile is NOT normalized by the number of restraints.
# The profiles are smoothed over a window of residues:    1
# The sum of all numbers in the file:   24686.9238



List of the violated restraints:
   A restraint is violated when the relative difference
   from the best value (RVIOL) is larger than CUTOFF.

   ICSR   ... index of a restraint in the current set.
   RESNO  ... residue numbers of the first two atoms.
   ATM    ... IUPAC atom names of the first two atoms.
   FEAT   ... the value of the feature in the model.
   restr  ... the mean of the basis restraint with the smallest
              difference from the model (local minimum).
   viol   ... difference from the local minimum.
   rviol  ... relative difference from the local minimum.
   RESTR  ... the best value (global minimum).
   VIOL   ... difference from the best value.
   RVIOL  ... relative difference from the best value.


-------------------------------------------------------------------------------------------------

Feature 25                           : Phi/Psi pair of dihedral restraints     
List of the RVIOL violations larger than   :       6.5000

    #   ICSR  RESNO1/2 ATM1/2   INDATM1/2    FEAT   restr    viol   rviol   RESTR    VIOL   RVIOL
    1   8880 128F 129L C   N     979  981 -100.31  -63.50   38.35    6.99  -63.50   38.35    6.99
    1        129L 129L N   CA    981  982  -51.95  -41.20                  -41.20
    2   8943 191S 192S C   N    1447 1449 -107.63 -136.60   96.09    4.18  -64.10  104.12    6.54
    2        192S 192S N   CA   1449 1450   59.58  151.20                  -35.00
    3   8987 235F 236N C   N    1807 1809 -130.97  -63.20   76.44    9.61  -63.20   76.44    9.61
    3        236N 236N N   CA   1809 1810   -5.75  -41.10                  -41.10


report______> Distribution of short non-bonded contacts:


DISTANCE1:  0.00 2.10 2.20 2.30 2.40 2.50 2.60 2.70 2.80 2.90 3.00 3.10 3.20 3.30 3.40
DISTANCE2:  2.10 2.20 2.30 2.40 2.50 2.60 2.70 2.80 2.90 3.00 3.10 3.20 3.30 3.40 3.50
FREQUENCY:     0    0    0    0    0   10   45  142  200  251  245  312  375  429  434


<< end of ENERGY.

>> Summary of successfully produced models:
Filename                          molpdf     DOPE score    GA341 score
----------------------------------------------------------------------
ABV45437.B99990001.pdb        1759.80884   -31928.55273        1.00000
ABV45437.B99990002.pdb        1507.34583   -32027.59180        1.00000
ABV45437.B99990003.pdb        1679.79480   -31708.42773        1.00000
ABV45437.B99990004.pdb        1453.58533   -31974.88867        1.00000
ABV45437.B99990005.pdb        1472.07410   -31634.10547        1.00000

Total CPU time [seconds]                                 :      72.69
